Started by user [8mha:////4NeaFmc4qvsGKXE0x0BZrKp6kr3sZ7HlPZm2ap9Ni6HxAAAAmR+LCAAAAAAAAP9b85aBtbiIQTGjNKU4P08vOT+vOD8nVc83PyU1x6OyILUoJzMv2y+/JJUBAhiZGBgqihhk0NSjKDWzXb3RdlLBUSYGJk8GtpzUvPSSDB8G5tKinBIGIZ+sxLJE/ZzEvHT94JKizLx0a6BxUmjGOUNodHsLgAz+EgZe/dLi1CL9xJzEtMqSVACcX9+IwgAAAA==[0mRoussak Natalya
Running as SYSTEM
–°–æ–±–∏—Ä–∞–µ—Ç—Å—è —É–¥–∞–ª–µ–Ω–Ω–æ –Ω–∞ [8mha:////4KkzcjsnTfTUMhvDEHwFdvMh3HouodIKzFXW0MBuK20iAAAApR+LCAAAAAAAAP9b85aBtbiIQTGjNKU4P08vOT+vOD8nVc83PyU1x6OyILUoJzMv2y+/JJUBAhiZGBgqihhk0NSjKDWzXb3RdlLBUSYGJk8GtpzUvPSSDB8G5tKinBIGIZ+sxLJE/ZzEvHT94JKizLx0a6BxUmjGOUNodHsLgAz+EgZJ/eT83ILSktQifRfXYO8Q/wBdX7cAEwPHIADRr37dzgAAAA==[0mDESKTOP-MFP40AR (win10 x64) in workspace C:\University\5_term\–¢–ü–û\Lab05\workspace\Bring It On
The recommended git tool is: NONE
No credentials specified
Cloning the remote Git repository
Cloning repository https://github.com/vitalliuss/helloci.git
 > git.exe init C:\University\5_term\–¢–ü–û\Lab05\workspace\Bring It On # timeout=10
Fetching upstream changes from https://github.com/vitalliuss/helloci.git
 > git.exe --version # timeout=10
 > git --version # 'git version 2.41.0.windows.1'
 > git.exe fetch --tags --force --progress -- https://github.com/vitalliuss/helloci.git +refs/heads/*:refs/remotes/origin/* # timeout=10
 > git.exe config remote.origin.url https://github.com/vitalliuss/helloci.git # timeout=10
 > git.exe config --add remote.origin.fetch +refs/heads/*:refs/remotes/origin/* # timeout=10
Avoid second fetch
 > git.exe rev-parse "refs/remotes/origin/master^{commit}" # timeout=10
Checking out Revision 71518a34152cb6c6039a2443ced60af30a31f14c (refs/remotes/origin/master)
 > git.exe config core.sparsecheckout # timeout=10
 > git.exe checkout -f 71518a34152cb6c6039a2443ced60af30a31f14c # timeout=10
Commit message: "Merge pull request #16 from EvgeniyRozhenko/fix-pom-utf8"
 > git.exe rev-list --no-walk 71518a34152cb6c6039a2443ced60af30a31f14c # timeout=10
[Bring It On] $ cmd.exe /C "C:\apache-maven-3.9.5\bin\mvn.cmd -f Java/pom.xml test && exit %%ERRORLEVEL%%"
[INFO] Scanning for projects...
[INFO] 
[INFO] ---------------< com.github.vitalliuss.helloci:hello-ci >---------------
[INFO] Building hello-ci 1.0-SNAPSHOT
[INFO]   from pom.xml
[INFO] --------------------------------[ jar ]---------------------------------
Downloading from central: https://repo.maven.apache.org/maven2/org/apache/maven/plugins/maven-surefire-plugin/3.0.0-M1/maven-surefire-plugin-3.0.0-M1.pom
Progress (1): 1.4/6.4 kBProgress (1): 2.7/6.4 kBProgress (1): 4.1/6.4 kBProgress (1): 5.5/6.4 kBProgress (1): 6.4 kB                        Downloaded from central: https://repo.maven.apache.org/maven2/org/apache/maven/plugins/maven-surefire-plugin/3.0.0-M1/maven-surefire-plugin-3.0.0-M1.pom (6.4 kB at 11 kB/s)
Downloading from central: https://repo.maven.apache.org/maven2/org/apache/maven/surefire/surefire/3.0.0-M1/surefire-3.0.0-M1.pom
Progress (1): 1.4/22 kBProgress (1): 2.7/22 kBProgress (1): 4.1/22 kBProgress (1): 5.5/22 kBProgress (1): 6.9/22 kBProgress (1): 8.2/22 kBProgress (1): 9.6/22 kBProgress (1): 11/22 kB Progress (1): 12/22 kBProgress (1): 14/22 kBProgress (1): 15/22 kBProgress (1): 16/22 kBProgress (1): 17/22 kBProgress (1): 19/22 kBProgress (1): 20/22 kBProgress (1): 21/22 kBProgress (1): 22 kB                      Downloaded from central: https://repo.maven.apache.org/maven2/org/apache/maven/surefire/surefire/3.0.0-M1/surefire-3.0.0-M1.pom (22 kB at 275 kB/s)
Downloading from central: https://repo.maven.apache.org/maven2/org/apache/maven/plugins/maven-surefire-plugin/3.0.0-M1/maven-surefire-plugin-3.0.0-M1.jar
Progress (1): 16/40 kBProgress (1): 33/40 kBProgress (1): 40 kB                      Downloaded from central: https://repo.maven.apache.org/maven2/org/apache/maven/plugins/maven-surefire-plugin/3.0.0-M1/maven-surefire-plugin-3.0.0-M1.jar (40 kB at 421 kB/s)
Downloading from central: https://repo.maven.apache.org/maven2/junit/junit/4.13.2/junit-4.13.2.pom
Progress (1): 16/27 kBProgress (1): 27 kB                      Downloaded from central: https://repo.maven.apache.org/maven2/junit/junit/4.13.2/junit-4.13.2.pom (27 kB at 318 kB/s)
Downloading from central: https://repo.maven.apache.org/maven2/org/hamcrest/hamcrest-core/1.3/hamcrest-core-1.3.pom
Progress (1): 766 B                   Downloaded from central: https://repo.maven.apache.org/maven2/org/hamcrest/hamcrest-core/1.3/hamcrest-core-1.3.pom (766 B at 16 kB/s)
Downloading from central: https://repo.maven.apache.org/maven2/org/hamcrest/hamcrest-parent/1.3/hamcrest-parent-1.3.pom
Progress (1): 2.0 kB                    Downloaded from central: https://repo.maven.apache.org/maven2/org/hamcrest/hamcrest-parent/1.3/hamcrest-parent-1.3.pom (2.0 kB at 38 kB/s)
Downloading from central: https://repo.maven.apache.org/maven2/junit/junit/4.13.2/junit-4.13.2.jar
Progress (1): 16/385 kBProgress (1): 32/385 kBProgress (1): 49/385 kBProgress (1): 65/385 kBProgress (1): 81/385 kBProgress (1): 98/385 kBProgress (1): 114/385 kBProgress (1): 130/385 kBProgress (1): 147/385 kBProgress (1): 163/385 kBProgress (1): 180/385 kBProgress (1): 196/385 kBProgress (1): 212/385 kBProgress (1): 229/385 kBProgress (1): 245/385 kBProgress (1): 262/385 kBProgress (1): 278/385 kBProgress (1): 294/385 kBProgress (1): 311/385 kBProgress (1): 327/385 kBProgress (1): 343/385 kBProgress (1): 360/385 kBProgress (1): 376/385 kBProgress (1): 385 kB                        Downloaded from central: https://repo.maven.apache.org/maven2/junit/junit/4.13.2/junit-4.13.2.jar (385 kB at 745 kB/s)
Downloading from central: https://repo.maven.apache.org/maven2/org/hamcrest/hamcrest-core/1.3/hamcrest-core-1.3.jar
Progress (1): 16/45 kBProgress (1): 33/45 kBProgress (1): 45 kB                      Downloaded from central: https://repo.maven.apache.org/maven2/org/hamcrest/hamcrest-core/1.3/hamcrest-core-1.3.jar (45 kB at 455 kB/s)
[INFO] 
[INFO] --- resources:3.3.1:resources (default-resources) @ hello-ci ---
[INFO] skip non existing resourceDirectory C:\University\5_term\–¢–ü–û\Lab05\workspace\Bring It On\Java\src\main\resources
[INFO] 
[INFO] --- compiler:3.11.0:compile (default-compile) @ hello-ci ---
[INFO] Changes detected - recompiling the module! :source
[INFO] Compiling 2 source files with javac [debug target 1.8] to target\classes
[8mha:////4LJvOs8+638DuseciR3/090E5Z5Hnm+YNirK5jC/rHgZAAAAYh+LCAAAAAAAAP9b85aBtbiIQSWjNKU4P0+vJLE4u1gvPjexLDVPzxdEhicW5WXmpfvll6SeOJwgmrt9CSsTA0NFEYMUVEtyfl5xfk6qnjOEBilkgABGkMICAEQzmI1iAAAA[0m[WARNING] bootstrap class path not set in conjunction with -source 8
[8mha:////4LJvOs8+638DuseciR3/090E5Z5Hnm+YNirK5jC/rHgZAAAAYh+LCAAAAAAAAP9b85aBtbiIQSWjNKU4P0+vJLE4u1gvPjexLDVPzxdEhicW5WXmpfvll6SeOJwgmrt9CSsTA0NFEYMUVEtyfl5xfk6qnjOEBilkgABGkMICAEQzmI1iAAAA[0m[WARNING] source value 8 is obsolete and will be removed in a future release
[8mha:////4LJvOs8+638DuseciR3/090E5Z5Hnm+YNirK5jC/rHgZAAAAYh+LCAAAAAAAAP9b85aBtbiIQSWjNKU4P0+vJLE4u1gvPjexLDVPzxdEhicW5WXmpfvll6SeOJwgmrt9CSsTA0NFEYMUVEtyfl5xfk6qnjOEBilkgABGkMICAEQzmI1iAAAA[0m[WARNING] target value 8 is obsolete and will be removed in a future release
[8mha:////4LJvOs8+638DuseciR3/090E5Z5Hnm+YNirK5jC/rHgZAAAAYh+LCAAAAAAAAP9b85aBtbiIQSWjNKU4P0+vJLE4u1gvPjexLDVPzxdEhicW5WXmpfvll6SeOJwgmrt9CSsTA0NFEYMUVEtyfl5xfk6qnjOEBilkgABGkMICAEQzmI1iAAAA[0m[WARNING] To suppress warnings about obsolete options, use -Xlint:-options.
[INFO] 
[INFO] --- resources:3.3.1:testResources (default-testResources) @ hello-ci ---
[INFO] skip non existing resourceDirectory C:\University\5_term\–¢–ü–û\Lab05\workspace\Bring It On\Java\src\test\resources
[INFO] 
[INFO] --- compiler:3.11.0:testCompile (default-testCompile) @ hello-ci ---
[INFO] Changes detected - recompiling the module! :dependency
[INFO] Compiling 1 source file with javac [debug target 1.8] to target\test-classes
[8mha:////4LJvOs8+638DuseciR3/090E5Z5Hnm+YNirK5jC/rHgZAAAAYh+LCAAAAAAAAP9b85aBtbiIQSWjNKU4P0+vJLE4u1gvPjexLDVPzxdEhicW5WXmpfvll6SeOJwgmrt9CSsTA0NFEYMUVEtyfl5xfk6qnjOEBilkgABGkMICAEQzmI1iAAAA[0m[WARNING] bootstrap class path not set in conjunction with -source 8
[8mha:////4LJvOs8+638DuseciR3/090E5Z5Hnm+YNirK5jC/rHgZAAAAYh+LCAAAAAAAAP9b85aBtbiIQSWjNKU4P0+vJLE4u1gvPjexLDVPzxdEhicW5WXmpfvll6SeOJwgmrt9CSsTA0NFEYMUVEtyfl5xfk6qnjOEBilkgABGkMICAEQzmI1iAAAA[0m[WARNING] source value 8 is obsolete and will be removed in a future release
[8mha:////4LJvOs8+638DuseciR3/090E5Z5Hnm+YNirK5jC/rHgZAAAAYh+LCAAAAAAAAP9b85aBtbiIQSWjNKU4P0+vJLE4u1gvPjexLDVPzxdEhicW5WXmpfvll6SeOJwgmrt9CSsTA0NFEYMUVEtyfl5xfk6qnjOEBilkgABGkMICAEQzmI1iAAAA[0m[WARNING] target value 8 is obsolete and will be removed in a future release
[8mha:////4LJvOs8+638DuseciR3/090E5Z5Hnm+YNirK5jC/rHgZAAAAYh+LCAAAAAAAAP9b85aBtbiIQSWjNKU4P0+vJLE4u1gvPjexLDVPzxdEhicW5WXmpfvll6SeOJwgmrt9CSsTA0NFEYMUVEtyfl5xfk6qnjOEBilkgABGkMICAEQzmI1iAAAA[0m[WARNING] To suppress warnings about obsolete options, use -Xlint:-options.
[INFO] 
[INFO] --- surefire:3.0.0-M1:test (default-test) @ hello-ci ---
Downloading from central: https://repo.maven.apache.org/maven2/org/apache/maven/surefire/maven-surefire-common/3.0.0-M1/maven-surefire-common-3.0.0-M1.pom
Progress (1): 9.7 kB                    Downloaded from central: https://repo.maven.apache.org/maven2/org/apache/maven/surefire/maven-surefire-common/3.0.0-M1/maven-surefire-common-3.0.0-M1.pom (9.7 kB at 120 kB/s)
Downloading from central: https://repo.maven.apache.org/maven2/org/apache/maven/surefire/surefire-api/3.0.0-M1/surefire-api-3.0.0-M1.pom
Progress (1): 3.5 kB                    Downloaded from central: https://repo.maven.apache.org/maven2/org/apache/maven/surefire/surefire-api/3.0.0-M1/surefire-api-3.0.0-M1.pom (3.5 kB at 59 kB/s)
Downloading from central: https://repo.maven.apache.org/maven2/org/apache/maven/surefire/surefire-logger-api/3.0.0-M1/surefire-logger-api-3.0.0-M1.pom
Progress (1): 2.0 kB                    Downloaded from central: https://repo.maven.apache.org/maven2/org/apache/maven/surefire/surefire-logger-api/3.0.0-M1/surefire-logger-api-3.0.0-M1.pom (2.0 kB at 30 kB/s)
Downloading from central: https://repo.maven.apache.org/maven2/org/apache/maven/surefire/surefire-booter/3.0.0-M1/surefire-booter-3.0.0-M1.pom
Progress (1): 7.4 kB                    Downloaded from central: https://repo.maven.apache.org/maven2/org/apache/maven/surefire/surefire-booter/3.0.0-M1/surefire-booter-3.0.0-M1.pom (7.4 kB at 125 kB/s)
Downloading from central: https://repo.maven.apache.org/maven2/org/apache/maven/maven-toolchain/3.0-alpha-2/maven-toolchain-3.0-alpha-2.pom
Progress (1): 2.2 kB                    Downloaded from central: https://repo.maven.apache.org/maven2/org/apache/maven/maven-toolchain/3.0-alpha-2/maven-toolchain-3.0-alpha-2.pom (2.2 kB at 35 kB/s)
Downloading from central: https://repo.maven.apache.org/maven2/org/apache/maven/maven/3.0-alpha-2/maven-3.0-alpha-2.pom
Progress (1): 16/21 kBProgress (1): 21 kB                      Downloaded from central: https://repo.maven.apache.org/maven2/org/apache/maven/maven/3.0-alpha-2/maven-3.0-alpha-2.pom (21 kB at 258 kB/s)
Downloading from central: https://repo.maven.apache.org/maven2/org/apache/maven/maven-compat/3.0/maven-compat-3.0.pom
Progress (1): 4.0 kB                    Downloaded from central: https://repo.maven.apache.org/maven2/org/apache/maven/maven-compat/3.0/maven-compat-3.0.pom (4.0 kB at 74 kB/s)
Downloading from central: https://repo.maven.apache.org/maven2/org/apache/maven/wagon/wagon-provider-api/1.0-beta-6/wagon-provider-api-1.0-beta-6.pom
Progress (1): 1.8 kB                    Downloaded from central: https://repo.maven.apache.org/maven2/org/apache/maven/wagon/wagon-provider-api/1.0-beta-6/wagon-provider-api-1.0-beta-6.pom (1.8 kB at 35 kB/s)
Downloading from central: https://repo.maven.apache.org/maven2/org/apache/maven/wagon/wagon/1.0-beta-6/wagon-1.0-beta-6.pom
Progress (1): 12 kB                   Downloaded from central: https://repo.maven.apache.org/maven2/org/apache/maven/wagon/wagon/1.0-beta-6/wagon-1.0-beta-6.pom (12 kB at 191 kB/s)
Downloading from central: https://repo.maven.apache.org/maven2/org/codehaus/plexus/plexus-java/0.9.11/plexus-java-0.9.11.pom
Progress (1): 4.6 kB                    Downloaded from central: https://repo.maven.apache.org/maven2/org/codehaus/plexus/plexus-java/0.9.11/plexus-java-0.9.11.pom (4.6 kB at 76 kB/s)
Downloading from central: https://repo.maven.apache.org/maven2/org/codehaus/plexus/plexus-languages/0.9.11/plexus-languages-0.9.11.pom
Progress (1): 4.1 kB                    Downloaded from central: https://repo.maven.apache.org/maven2/org/codehaus/plexus/plexus-languages/0.9.11/plexus-languages-0.9.11.pom (4.1 kB at 74 kB/s)
Downloading from central: https://repo.maven.apache.org/maven2/org/ow2/asm/asm/7.0-beta/asm-7.0-beta.pom
Progress (1): 2.9 kB                    Downloaded from central: https://repo.maven.apache.org/maven2/org/ow2/asm/asm/7.0-beta/asm-7.0-beta.pom (2.9 kB at 61 kB/s)
Downloading from central: https://repo.maven.apache.org/maven2/com/thoughtworks/qdox/qdox/2.0-M9/qdox-2.0-M9.pom
Progress (1): 16 kB                   Downloaded from central: https://repo.maven.apache.org/maven2/com/thoughtworks/qdox/qdox/2.0-M9/qdox-2.0-M9.pom (16 kB at 214 kB/s)
Downloading from central: https://repo.maven.apache.org/maven2/org/apache/maven/surefire/maven-surefire-common/3.0.0-M1/maven-surefire-common-3.0.0-M1.jar
Progress (1): 16/625 kBProgress (1): 33/625 kBProgress (1): 49/625 kBProgress (1): 66/625 kBProgress (1): 82/625 kBProgress (1): 98/625 kBProgress (1): 115/625 kBProgress (1): 131/625 kBProgress (1): 147/625 kBProgress (1): 164/625 kBProgress (1): 180/625 kBProgress (1): 197/625 kBProgress (1): 213/625 kBProgress (1): 219/625 kBProgress (1): 236/625 kBProgress (1): 252/625 kBProgress (1): 268/625 kBProgress (1): 285/625 kBProgress (1): 301/625 kBProgress (1): 318/625 kBProgress (1): 334/625 kBProgress (1): 350/625 kBProgress (1): 367/625 kBProgress (1): 383/625 kBProgress (1): 399/625 kBProgress (1): 416/625 kBProgress (1): 432/625 kBProgress (1): 449/625 kBProgress (1): 465/625 kBProgress (1): 481/625 kBProgress (1): 498/625 kBProgress (1): 514/625 kBProgress (1): 531/625 kBProgress (1): 547/625 kBProgress (1): 563/625 kBProgress (1): 580/625 kBProgress (1): 596/625 kBProgress (1): 612/625 kBProgress (1): 621/625 kBProgress (1): 625 kB                        Downloaded from central: https://repo.maven.apache.org/maven2/org/apache/maven/surefire/maven-surefire-common/3.0.0-M1/maven-surefire-common-3.0.0-M1.jar (625 kB at 680 kB/s)
Downloading from central: https://repo.maven.apache.org/maven2/org/apache/maven/surefire/surefire-api/3.0.0-M1/surefire-api-3.0.0-M1.jar
Downloading from central: https://repo.maven.apache.org/maven2/org/apache/maven/surefire/surefire-logger-api/3.0.0-M1/surefire-logger-api-3.0.0-M1.jar
Downloading from central: https://repo.maven.apache.org/maven2/org/apache/maven/surefire/surefire-booter/3.0.0-M1/surefire-booter-3.0.0-M1.jar
Downloading from central: https://repo.maven.apache.org/maven2/org/apache/maven/maven-toolchain/3.0-alpha-2/maven-toolchain-3.0-alpha-2.jar
Downloading from central: https://repo.maven.apache.org/maven2/org/codehaus/plexus/plexus-utils/2.0.4/plexus-utils-2.0.4.jar
Progress (1): 16/178 kBProgress (1): 33/178 kBProgress (1): 49/178 kBProgress (1): 66/178 kBProgress (1): 82/178 kBProgress (1): 98/178 kBProgress (1): 115/178 kBProgress (1): 131/178 kBProgress (1): 147/178 kBProgress (1): 164/178 kBProgress (1): 178 kB                        Downloaded from central: https://repo.maven.apache.org/maven2/org/apache/maven/surefire/surefire-api/3.0.0-M1/surefire-api-3.0.0-M1.jar (178 kB at 409 kB/s)
Downloading from central: https://repo.maven.apache.org/maven2/org/codehaus/plexus/plexus-component-annotations/1.7.1/plexus-component-annotations-1.7.1.jar
Progress (1): 1.4/36 kBProgress (1): 2.8/36 kBProgress (1): 4.1/36 kBProgress (1): 5.5/36 kBProgress (2): 5.5/36 kB | 1.4/13 kBProgress (2): 5.5/36 kB | 2.8/13 kBProgress (2): 6.9/36 kB | 2.8/13 kBProgress (2): 6.9/36 kB | 4.1/13 kBProgress (2): 8.3/36 kB | 4.1/13 kBProgress (2): 8.3/36 kB | 5.5/13 kBProgress (2): 9.7/36 kB | 5.5/13 kBProgress (2): 9.7/36 kB | 6.9/13 kBProgress (2): 11/36 kB | 6.9/13 kB Progress (2): 11/36 kB | 8.3/13 kBProgress (2): 11/36 kB | 9.7/13 kBProgress (2): 12/36 kB | 9.7/13 kBProgress (2): 12/36 kB | 11/13 kB Progress (2): 14/36 kB | 11/13 kBProgress (2): 14/36 kB | 12/13 kBProgress (2): 15/36 kB | 12/13 kBProgress (2): 15/36 kB | 13 kB                                 Downloaded from central: https://repo.maven.apache.org/maven2/org/apache/maven/surefire/surefire-logger-api/3.0.0-M1/surefire-logger-api-3.0.0-M1.jar (13 kB at 26 kB/s)
Downloading from central: https://repo.maven.apache.org/maven2/org/apache/maven/maven-compat/3.0/maven-compat-3.0.jar
Progress (1): 17/36 kBProgress (1): 18/36 kBProgress (1): 19/36 kBProgress (1): 21/36 kBProgress (1): 22/36 kBProgress (1): 23/36 kBProgress (1): 25/36 kBProgress (1): 26/36 kBProgress (1): 28/36 kBProgress (1): 29/36 kBProgress (1): 30/36 kBProgress (1): 32/36 kBProgress (1): 33/36 kBProgress (1): 34/36 kBProgress (1): 36/36 kBProgress (1): 36 kB                      Downloaded from central: https://repo.maven.apache.org/maven2/org/apache/maven/maven-toolchain/3.0-alpha-2/maven-toolchain-3.0-alpha-2.jar (36 kB at 61 kB/s)
Downloading from central: https://repo.maven.apache.org/maven2/org/apache/maven/wagon/wagon-provider-api/1.0-beta-6/wagon-provider-api-1.0-beta-6.jar
Progress (1): 4.3 kB                    Downloaded from central: https://repo.maven.apache.org/maven2/org/codehaus/plexus/plexus-component-annotations/1.7.1/plexus-component-annotations-1.7.1.jar (4.3 kB at 7.2 kB/s)
Downloading from central: https://repo.maven.apache.org/maven2/org/codehaus/plexus/plexus-java/0.9.11/plexus-java-0.9.11.jar
Progress (1): 16/312 kBProgress (1): 33/312 kBProgress (2): 33/312 kB | 16/285 kBProgress (2): 33/312 kB | 33/285 kBProgress (2): 49/312 kB | 33/285 kBProgress (3): 49/312 kB | 33/285 kB | 1.4/222 kBProgress (3): 49/312 kB | 33/285 kB | 2.8/222 kBProgress (3): 49/312 kB | 33/285 kB | 4.1/222 kBProgress (3): 49/312 kB | 33/285 kB | 5.5/222 kBProgress (3): 49/312 kB | 33/285 kB | 6.9/222 kBProgress (3): 49/312 kB | 33/285 kB | 8.3/222 kBProgress (3): 49/312 kB | 33/285 kB | 9.7/222 kBProgress (3): 49/312 kB | 33/285 kB | 11/222 kB Progress (3): 49/312 kB | 33/285 kB | 12/222 kBProgress (3): 49/312 kB | 33/285 kB | 14/222 kBProgress (3): 49/312 kB | 33/285 kB | 15/222 kBProgress (3): 49/312 kB | 33/285 kB | 16/222 kBProgress (3): 66/312 kB | 33/285 kB | 16/222 kBProgress (4): 66/312 kB | 33/285 kB | 16/222 kB | 16/53 kBProgress (4): 66/312 kB | 33/285 kB | 16/222 kB | 33/53 kBProgress (5): 66/312 kB | 33/285 kB | 16/222 kB | 33/53 kB | 16/50 kBProgress (5): 66/312 kB | 33/285 kB | 16/222 kB | 49/53 kB | 16/50 kBProgress (5): 82/312 kB | 33/285 kB | 16/222 kB | 49/53 kB | 16/50 kBProgress (5): 82/312 kB | 33/285 kB | 16/222 kB | 53 kB | 16/50 kB                                                                     Downloaded from central: https://repo.maven.apache.org/maven2/org/apache/maven/wagon/wagon-provider-api/1.0-beta-6/wagon-provider-api-1.0-beta-6.jar (53 kB at 54 kB/s)
Downloading from central: https://repo.maven.apache.org/maven2/org/ow2/asm/asm/7.0-beta/asm-7.0-beta.jar
Progress (4): 82/312 kB | 33/285 kB | 32/222 kB | 16/50 kBProgress (4): 98/312 kB | 33/285 kB | 32/222 kB | 16/50 kBProgress (4): 98/312 kB | 33/285 kB | 32/222 kB | 33/50 kBProgress (4): 115/312 kB | 33/285 kB | 32/222 kB | 33/50 kBProgress (4): 115/312 kB | 49/285 kB | 32/222 kB | 33/50 kBProgress (4): 115/312 kB | 49/285 kB | 32/222 kB | 49/50 kBProgress (4): 115/312 kB | 49/285 kB | 32/222 kB | 50 kB                                                           Downloaded from central: https://repo.maven.apache.org/maven2/org/codehaus/plexus/plexus-java/0.9.11/plexus-java-0.9.11.jar (50 kB at 42 kB/s)
Downloading from central: https://repo.maven.apache.org/maven2/com/thoughtworks/qdox/qdox/2.0-M9/qdox-2.0-M9.jar
Progress (3): 115/312 kB | 65/285 kB | 32/222 kBProgress (3): 115/312 kB | 81/285 kB | 32/222 kBProgress (3): 115/312 kB | 97/285 kB | 32/222 kBProgress (3): 131/312 kB | 97/285 kB | 32/222 kBProgress (3): 131/312 kB | 114/285 kB | 32/222 kBProgress (3): 147/312 kB | 114/285 kB | 32/222 kBProgress (3): 147/312 kB | 114/285 kB | 49/222 kBProgress (3): 147/312 kB | 114/285 kB | 65/222 kBProgress (3): 164/312 kB | 114/285 kB | 65/222 kBProgress (3): 180/312 kB | 114/285 kB | 65/222 kBProgress (3): 180/312 kB | 114/285 kB | 81/222 kBProgress (3): 197/312 kB | 114/285 kB | 81/222 kBProgress (3): 197/312 kB | 114/285 kB | 98/222 kBProgress (3): 213/312 kB | 114/285 kB | 98/222 kBProgress (4): 213/312 kB | 114/285 kB | 98/222 kB | 16/114 kBProgress (4): 213/312 kB | 114/285 kB | 98/222 kB | 33/114 kBProgress (4): 229/312 kB | 114/285 kB | 98/222 kB | 33/114 kBProgress (4): 229/312 kB | 114/285 kB | 98/222 kB | 49/114 kBProgress (4): 229/312 kB | 130/285 kB | 98/222 kB | 49/114 kBProgress (4): 229/312 kB | 130/285 kB | 98/222 kB | 66/114 kBProgress (4): 229/312 kB | 130/285 kB | 98/222 kB | 82/114 kBProgress (4): 229/312 kB | 147/285 kB | 98/222 kB | 82/114 kBProgress (4): 246/312 kB | 147/285 kB | 98/222 kB | 82/114 kBProgress (4): 246/312 kB | 147/285 kB | 114/222 kB | 82/114 kBProgress (4): 246/312 kB | 163/285 kB | 114/222 kB | 82/114 kBProgress (4): 246/312 kB | 163/285 kB | 114/222 kB | 98/114 kBProgress (4): 246/312 kB | 179/285 kB | 114/222 kB | 98/114 kBProgress (4): 246/312 kB | 196/285 kB | 114/222 kB | 98/114 kBProgress (5): 246/312 kB | 196/285 kB | 114/222 kB | 98/114 kB | 16/317 kBProgress (5): 246/312 kB | 212/285 kB | 114/222 kB | 98/114 kB | 16/317 kBProgress (5): 262/312 kB | 212/285 kB | 114/222 kB | 98/114 kB | 16/317 kBProgress (5): 262/312 kB | 228/285 kB | 114/222 kB | 98/114 kB | 16/317 kBProgress (5): 262/312 kB | 228/285 kB | 114/222 kB | 98/114 kB | 32/317 kBProgress (5): 262/312 kB | 228/285 kB | 114/222 kB | 98/114 kB | 49/317 kBProgress (5): 262/312 kB | 245/285 kB | 114/222 kB | 98/114 kB | 49/317 kBProgress (5): 279/312 kB | 245/285 kB | 114/222 kB | 98/114 kB | 49/317 kBProgress (5): 279/312 kB | 245/285 kB | 114/222 kB | 98/114 kB | 65/317 kBProgress (5): 279/312 kB | 245/285 kB | 114/222 kB | 98/114 kB | 81/317 kBProgress (5): 279/312 kB | 245/285 kB | 130/222 kB | 98/114 kB | 81/317 kBProgress (5): 295/312 kB | 245/285 kB | 130/222 kB | 98/114 kB | 81/317 kBProgress (5): 295/312 kB | 245/285 kB | 130/222 kB | 98/114 kB | 98/317 kBProgress (5): 311/312 kB | 245/285 kB | 130/222 kB | 98/114 kB | 98/317 kBProgress (5): 311/312 kB | 245/285 kB | 130/222 kB | 98/114 kB | 114/317 kBProgress (5): 312 kB | 245/285 kB | 130/222 kB | 98/114 kB | 114/317 kB    Progress (5): 312 kB | 245/285 kB | 147/222 kB | 98/114 kB | 114/317 kB                                                                       Downloaded from central: https://repo.maven.apache.org/maven2/org/apache/maven/surefire/surefire-booter/3.0.0-M1/surefire-booter-3.0.0-M1.jar (312 kB at 134 kB/s)
Progress (4): 245/285 kB | 147/222 kB | 114 kB | 114/317 kB                                                           Downloaded from central: https://repo.maven.apache.org/maven2/org/ow2/asm/asm/7.0-beta/asm-7.0-beta.jar (114 kB at 48 kB/s)
Progress (3): 245/285 kB | 163/222 kB | 114/317 kBProgress (3): 245/285 kB | 180/222 kB | 114/317 kBProgress (3): 261/285 kB | 180/222 kB | 114/317 kBProgress (3): 278/285 kB | 180/222 kB | 114/317 kBProgress (3): 278/285 kB | 180/222 kB | 130/317 kBProgress (3): 285 kB | 180/222 kB | 130/317 kB                                                  Downloaded from central: https://repo.maven.apache.org/maven2/org/apache/maven/maven-compat/3.0/maven-compat-3.0.jar (285 kB at 117 kB/s)
Progress (2): 180/222 kB | 147/317 kBProgress (2): 180/222 kB | 163/317 kBProgress (2): 180/222 kB | 180/317 kBProgress (2): 196/222 kB | 180/317 kBProgress (2): 196/222 kB | 196/317 kBProgress (2): 196/222 kB | 212/317 kBProgress (2): 196/222 kB | 229/317 kBProgress (2): 212/222 kB | 229/317 kBProgress (2): 212/222 kB | 245/317 kBProgress (2): 222 kB | 245/317 kB                                     Downloaded from central: https://repo.maven.apache.org/maven2/org/codehaus/plexus/plexus-utils/2.0.4/plexus-utils-2.0.4.jar (222 kB at 83 kB/s)
Progress (1): 262/317 kBProgress (1): 278/317 kBProgress (1): 294/317 kBProgress (1): 311/317 kBProgress (1): 317 kB                        Downloaded from central: https://repo.maven.apache.org/maven2/com/thoughtworks/qdox/qdox/2.0-M9/qdox-2.0-M9.jar (317 kB at 114 kB/s)
Downloading from central: https://repo.maven.apache.org/maven2/org/apache/maven/surefire/surefire-junit4/3.0.0-M1/surefire-junit4-3.0.0-M1.jar
Progress (1): 16/17 kBProgress (1): 17 kB                      Downloaded from central: https://repo.maven.apache.org/maven2/org/apache/maven/surefire/surefire-junit4/3.0.0-M1/surefire-junit4-3.0.0-M1.jar (17 kB at 226 kB/s)
Downloading from central: https://repo.maven.apache.org/maven2/org/apache/maven/surefire/surefire-junit4/3.0.0-M1/surefire-junit4-3.0.0-M1.pom
Progress (1): 1.7 kB                    Downloaded from central: https://repo.maven.apache.org/maven2/org/apache/maven/surefire/surefire-junit4/3.0.0-M1/surefire-junit4-3.0.0-M1.pom (1.7 kB at 39 kB/s)
Downloading from central: https://repo.maven.apache.org/maven2/org/apache/maven/surefire/surefire-providers/3.0.0-M1/surefire-providers-3.0.0-M1.pom
Progress (1): 2.5 kB                    Downloaded from central: https://repo.maven.apache.org/maven2/org/apache/maven/surefire/surefire-providers/3.0.0-M1/surefire-providers-3.0.0-M1.pom (2.5 kB at 52 kB/s)
Downloading from central: https://repo.maven.apache.org/maven2/org/apache/maven/surefire/common-junit4/3.0.0-M1/common-junit4-3.0.0-M1.pom
Progress (1): 2.1 kB                    Downloaded from central: https://repo.maven.apache.org/maven2/org/apache/maven/surefire/common-junit4/3.0.0-M1/common-junit4-3.0.0-M1.pom (2.1 kB at 47 kB/s)
Downloading from central: https://repo.maven.apache.org/maven2/org/apache/maven/surefire/common-junit3/3.0.0-M1/common-junit3-3.0.0-M1.pom
Progress (1): 1.6 kB                    Downloaded from central: https://repo.maven.apache.org/maven2/org/apache/maven/surefire/common-junit3/3.0.0-M1/common-junit3-3.0.0-M1.pom (1.6 kB at 34 kB/s)
Downloading from central: https://repo.maven.apache.org/maven2/org/apache/maven/surefire/common-java5/3.0.0-M1/common-java5-3.0.0-M1.pom
Progress (1): 3.1 kB                    Downloaded from central: https://repo.maven.apache.org/maven2/org/apache/maven/surefire/common-java5/3.0.0-M1/common-java5-3.0.0-M1.pom (3.1 kB at 64 kB/s)
Downloading from central: https://repo.maven.apache.org/maven2/org/apache/maven/surefire/common-junit3/3.0.0-M1/common-junit3-3.0.0-M1.jar
Downloading from central: https://repo.maven.apache.org/maven2/org/apache/maven/surefire/common-java5/3.0.0-M1/common-java5-3.0.0-M1.jar
Downloading from central: https://repo.maven.apache.org/maven2/org/apache/maven/surefire/common-junit4/3.0.0-M1/common-junit4-3.0.0-M1.jar
Progress (1): 12 kB                   Downloaded from central: https://repo.maven.apache.org/maven2/org/apache/maven/surefire/common-junit3/3.0.0-M1/common-junit3-3.0.0-M1.jar (12 kB at 157 kB/s)
Progress (1): 16/32 kBProgress (2): 16/32 kB | 16/28 kBProgress (2): 32 kB | 16/28 kB                                 Downloaded from central: https://repo.maven.apache.org/maven2/org/apache/maven/surefire/common-java5/3.0.0-M1/common-java5-3.0.0-M1.jar (32 kB at 211 kB/s)
Progress (1): 28 kB                   Downloaded from central: https://repo.maven.apache.org/maven2/org/apache/maven/surefire/common-junit4/3.0.0-M1/common-junit4-3.0.0-M1.jar (28 kB at 163 kB/s)
[INFO] 
[INFO] -------------------------------------------------------
[INFO]  T E S T S
[INFO] -------------------------------------------------------
[INFO] Running com.github.vitalliuss.helloci.AppTest
[8mha:////4Bw4jLQs3vRMiuBxpNgaGverjVhVgscaRmtnX/D7hYMuAAAAYB+LCAAAAAAAAP9b85aBtbiIQSmjNKU4P0+vJLE4u1gvPjexLDVPzxdEuhYV5Rf55Zek1m9pfpLfVWLNxMBQUcQgBdWQnJ9XnJ+TqucMoUEKGSCAEaSwAABqVhoSYAAAAA==[0m[ERROR] Tests run: 5, Failures: 1, Errors: 0, Skipped: 1, Time elapsed: 0.061 s <<< FAILURE! - in com.github.vitalliuss.helloci.AppTest
[8mha:////4Bw4jLQs3vRMiuBxpNgaGverjVhVgscaRmtnX/D7hYMuAAAAYB+LCAAAAAAAAP9b85aBtbiIQSmjNKU4P0+vJLE4u1gvPjexLDVPzxdEuhYV5Rf55Zek1m9pfpLfVWLNxMBQUcQgBdWQnJ9XnJ+TqucMoUEKGSCAEaSwAABqVhoSYAAAAA==[0m[ERROR] testShouldBeFailed(com.github.vitalliuss.helloci.AppTest)  Time elapsed: 0.012 s  <<< FAILURE!
java.lang.AssertionError
	at com.github.vitalliuss.helloci.AppTest.testShouldBeFailed(AppTest.java:21)

[INFO] 
[INFO] Results:
[INFO] 
[8mha:////4Bw4jLQs3vRMiuBxpNgaGverjVhVgscaRmtnX/D7hYMuAAAAYB+LCAAAAAAAAP9b85aBtbiIQSmjNKU4P0+vJLE4u1gvPjexLDVPzxdEuhYV5Rf55Zek1m9pfpLfVWLNxMBQUcQgBdWQnJ9XnJ+TqucMoUEKGSCAEaSwAABqVhoSYAAAAA==[0m[ERROR] Failures: 
[8mha:////4Bw4jLQs3vRMiuBxpNgaGverjVhVgscaRmtnX/D7hYMuAAAAYB+LCAAAAAAAAP9b85aBtbiIQSmjNKU4P0+vJLE4u1gvPjexLDVPzxdEuhYV5Rf55Zek1m9pfpLfVWLNxMBQUcQgBdWQnJ9XnJ+TqucMoUEKGSCAEaSwAABqVhoSYAAAAA==[0m[ERROR]   AppTest.testShouldBeFailed:21
[INFO] 
[8mha:////4Bw4jLQs3vRMiuBxpNgaGverjVhVgscaRmtnX/D7hYMuAAAAYB+LCAAAAAAAAP9b85aBtbiIQSmjNKU4P0+vJLE4u1gvPjexLDVPzxdEuhYV5Rf55Zek1m9pfpLfVWLNxMBQUcQgBdWQnJ9XnJ+TqucMoUEKGSCAEaSwAABqVhoSYAAAAA==[0m[ERROR] Tests run: 5, Failures: 1, Errors: 0, Skipped: 1
[INFO] 
[INFO] ------------------------------------------------------------------------
[INFO] BUILD FAILURE
[INFO] ------------------------------------------------------------------------
[INFO] Total time:  9.673 s
[INFO] Finished at: 2023-10-06T17:38:31+03:00
[INFO] ------------------------------------------------------------------------
[8mha:////4Bw4jLQs3vRMiuBxpNgaGverjVhVgscaRmtnX/D7hYMuAAAAYB+LCAAAAAAAAP9b85aBtbiIQSmjNKU4P0+vJLE4u1gvPjexLDVPzxdEuhYV5Rf55Zek1m9pfpLfVWLNxMBQUcQgBdWQnJ9XnJ+TqucMoUEKGSCAEaSwAABqVhoSYAAAAA==[0m[ERROR] Failed to execute goal org.apache.maven.plugins:maven-surefire-plugin:3.0.0-M1:test (default-test) on project hello-ci: There are test failures.
[8mha:////4Bw4jLQs3vRMiuBxpNgaGverjVhVgscaRmtnX/D7hYMuAAAAYB+LCAAAAAAAAP9b85aBtbiIQSmjNKU4P0+vJLE4u1gvPjexLDVPzxdEuhYV5Rf55Zek1m9pfpLfVWLNxMBQUcQgBdWQnJ9XnJ+TqucMoUEKGSCAEaSwAABqVhoSYAAAAA==[0m[ERROR] 
[8mha:////4Bw4jLQs3vRMiuBxpNgaGverjVhVgscaRmtnX/D7hYMuAAAAYB+LCAAAAAAAAP9b85aBtbiIQSmjNKU4P0+vJLE4u1gvPjexLDVPzxdEuhYV5Rf55Zek1m9pfpLfVWLNxMBQUcQgBdWQnJ9XnJ+TqucMoUEKGSCAEaSwAABqVhoSYAAAAA==[0m[ERROR] Please refer to C:\University\5_term\–¢–ü–û\Lab05\workspace\Bring It On\Java\target\surefire-reports for the individual test results.
[8mha:////4Bw4jLQs3vRMiuBxpNgaGverjVhVgscaRmtnX/D7hYMuAAAAYB+LCAAAAAAAAP9b85aBtbiIQSmjNKU4P0+vJLE4u1gvPjexLDVPzxdEuhYV5Rf55Zek1m9pfpLfVWLNxMBQUcQgBdWQnJ9XnJ+TqucMoUEKGSCAEaSwAABqVhoSYAAAAA==[0m[ERROR] Please refer to dump files (if any exist) [date].dump, [date]-jvmRun[N].dump and [date].dumpstream.
[8mha:////4Bw4jLQs3vRMiuBxpNgaGverjVhVgscaRmtnX/D7hYMuAAAAYB+LCAAAAAAAAP9b85aBtbiIQSmjNKU4P0+vJLE4u1gvPjexLDVPzxdEuhYV5Rf55Zek1m9pfpLfVWLNxMBQUcQgBdWQnJ9XnJ+TqucMoUEKGSCAEaSwAABqVhoSYAAAAA==[0m[ERROR] -> [Help 1]
[8mha:////4Bw4jLQs3vRMiuBxpNgaGverjVhVgscaRmtnX/D7hYMuAAAAYB+LCAAAAAAAAP9b85aBtbiIQSmjNKU4P0+vJLE4u1gvPjexLDVPzxdEuhYV5Rf55Zek1m9pfpLfVWLNxMBQUcQgBdWQnJ9XnJ+TqucMoUEKGSCAEaSwAABqVhoSYAAAAA==[0m[ERROR] 
[8mha:////4Bw4jLQs3vRMiuBxpNgaGverjVhVgscaRmtnX/D7hYMuAAAAYB+LCAAAAAAAAP9b85aBtbiIQSmjNKU4P0+vJLE4u1gvPjexLDVPzxdEuhYV5Rf55Zek1m9pfpLfVWLNxMBQUcQgBdWQnJ9XnJ+TqucMoUEKGSCAEaSwAABqVhoSYAAAAA==[0m[ERROR] To see the full stack trace of the errors, re-run Maven with the -e switch.
[8mha:////4Bw4jLQs3vRMiuBxpNgaGverjVhVgscaRmtnX/D7hYMuAAAAYB+LCAAAAAAAAP9b85aBtbiIQSmjNKU4P0+vJLE4u1gvPjexLDVPzxdEuhYV5Rf55Zek1m9pfpLfVWLNxMBQUcQgBdWQnJ9XnJ+TqucMoUEKGSCAEaSwAABqVhoSYAAAAA==[0m[ERROR] Re-run Maven using the -X switch to enable full debug logging.
[8mha:////4Bw4jLQs3vRMiuBxpNgaGverjVhVgscaRmtnX/D7hYMuAAAAYB+LCAAAAAAAAP9b85aBtbiIQSmjNKU4P0+vJLE4u1gvPjexLDVPzxdEuhYV5Rf55Zek1m9pfpLfVWLNxMBQUcQgBdWQnJ9XnJ+TqucMoUEKGSCAEaSwAABqVhoSYAAAAA==[0m[ERROR] 
[8mha:////4Bw4jLQs3vRMiuBxpNgaGverjVhVgscaRmtnX/D7hYMuAAAAYB+LCAAAAAAAAP9b85aBtbiIQSmjNKU4P0+vJLE4u1gvPjexLDVPzxdEuhYV5Rf55Zek1m9pfpLfVWLNxMBQUcQgBdWQnJ9XnJ+TqucMoUEKGSCAEaSwAABqVhoSYAAAAA==[0m[ERROR] For more information about the errors and possible solutions, please read the following articles:
[8mha:////4Bw4jLQs3vRMiuBxpNgaGverjVhVgscaRmtnX/D7hYMuAAAAYB+LCAAAAAAAAP9b85aBtbiIQSmjNKU4P0+vJLE4u1gvPjexLDVPzxdEuhYV5Rf55Zek1m9pfpLfVWLNxMBQUcQgBdWQnJ9XnJ+TqucMoUEKGSCAEaSwAABqVhoSYAAAAA==[0m[ERROR] [Help 1] http://cwiki.apache.org/confluence/display/MAVEN/MojoFailureException
Build step '–í—ã–∑–≤–∞—Ç—å —Ü–µ–ª–∏ Maven –≤–µ—Ä—Ö–Ω–µ–≥–æ —É—Ä–æ–≤–Ω—è  ' marked build as failure
Archiving artifacts
Finished: FAILURE
